[2025-09-06 04:53:30 UTC] Preparing Evaluation #1
[2025-09-06 04:53:46 UTC] Evaluation #1 returned a column "index" - but is not used.
[2025-09-06 04:53:46 UTC] Evaluation #1 returned a column "require_facts" - but is not used.
[2025-09-06 04:53:46 UTC] Evaluation #1 returned a column "baseline_message" - but is not used.
[2025-09-06 04:53:46 UTC] Evaluation #1 returned a column "baseline_message_with_details" - but is not used.
[2025-09-06 04:53:46 UTC] Evaluation #1 returned a column "customer_id" - but is not used.
[2025-09-06 04:53:46 UTC] Evaluation #1 returned a column "filter_type" - but is not used.
[2025-09-06 04:53:47 UTC] Evaluation #1 returned a column "sub_filter_type" - but is not used.
[2025-09-06 04:53:47 UTC] Evaluation #1 returned a column "filter_value" - but is not used.
[2025-09-06 04:53:47 UTC] Evaluation #1 returned a column "sql_query" - but is not used.
[2025-09-06 04:53:47 UTC] Evaluation #1 returned a column "length" - but is not used.
[2025-09-06 04:53:47 UTC] Evaluation #1 returned a column "grammar_error" - but is not used.
[2025-09-06 04:53:47 UTC] Evaluation #1 returned a column "urgent" - but is not used.
[2025-09-06 04:53:47 UTC] Evaluation #1 returned a column "polite" - but is not used.
[2025-09-06 04:53:47 UTC] Evaluation #1 returned a column "sql_query_sqlite" - but is not used.
[2025-09-06 04:53:47 UTC] Evaluation #1 returned a column "customer_name" - but is not used.
[2025-09-06 04:53:56 UTC] Evaluation #1 preparation completed - 429 record(s) found
[2025-09-06 04:53:56 UTC] Preparing Evaluation #2
[2025-09-06 04:53:58 UTC] Evaluation #2 returned a column "index" - but is not used.
[2025-09-06 04:53:58 UTC] Evaluation #2 returned a column "sub_intent" - but is not used.
[2025-09-06 04:53:58 UTC] Evaluation #2 returned a column "baseline_message" - but is not used.
[2025-09-06 04:53:58 UTC] Evaluation #2 returned a column "length" - but is not used.
[2025-09-06 04:53:59 UTC] Evaluation #2 returned a column "grammar_error" - but is not used.
[2025-09-06 04:53:59 UTC] Evaluation #2 returned a column "urgent" - but is not used.
[2025-09-06 04:53:59 UTC] Evaluation #2 returned a column "polite" - but is not used.
[2025-09-06 04:53:59 UTC] Evaluation #2 returned a column "customer_name" - but is not used.
[2025-09-06 04:53:59 UTC] Evaluation #2 returned a column "customer_id" - but is not used.
[2025-09-06 04:54:04 UTC] Evaluation #2 preparation completed - 210 record(s) found
[2025-09-06 04:54:04 UTC] Preparing Evaluation #3
[2025-09-06 04:54:07 UTC] Evaluation #3 returned a column "index" - but is not used.
[2025-09-06 04:54:07 UTC] Evaluation #3 returned a column "require_facts" - but is not used.
[2025-09-06 04:54:07 UTC] Evaluation #3 returned a column "ground_truth_facts" - but is not used.
[2025-09-06 04:54:07 UTC] Evaluation #3 returned a column "baseline_message" - but is not used.
[2025-09-06 04:54:07 UTC] Evaluation #3 returned a column "baseline_message_with_details" - but is not used.
[2025-09-06 04:54:07 UTC] Evaluation #3 returned a column "customer_id" - but is not used.
[2025-09-06 04:54:07 UTC] Evaluation #3 returned a column "filter_type" - but is not used.
[2025-09-06 04:54:08 UTC] Evaluation #3 returned a column "sub_filter_type" - but is not used.
[2025-09-06 04:54:08 UTC] Evaluation #3 returned a column "filter_value" - but is not used.
[2025-09-06 04:54:08 UTC] Evaluation #3 returned a column "sql_query" - but is not used.
[2025-09-06 04:54:08 UTC] Evaluation #3 returned a column "length" - but is not used.
[2025-09-06 04:54:08 UTC] Evaluation #3 returned a column "grammar_error" - but is not used.
[2025-09-06 04:54:08 UTC] Evaluation #3 returned a column "urgent" - but is not used.
[2025-09-06 04:54:08 UTC] Evaluation #3 returned a column "polite" - but is not used.
[2025-09-06 04:54:08 UTC] Evaluation #3 returned a column "sql_query_sqlite" - but is not used.
[2025-09-06 04:54:08 UTC] Evaluation #3 returned a column "customer_name" - but is not used.
[2025-09-06 04:54:13 UTC] Evaluation #3 preparation completed - 93 record(s) found
[2025-09-06 04:54:13 UTC] Preparing Evaluation #4
[2025-09-06 04:54:17 UTC] Evaluation #4 returned a column "baseline_message" - but is not used.
[2025-09-06 04:54:17 UTC] Evaluation #4 returned a column "customer_id" - but is not used.
[2025-09-06 04:54:22 UTC] Evaluation #4 preparation completed - 460 record(s) found
[2025-09-06 04:54:22 UTC] Preparing Evaluation #5
[2025-09-06 04:54:27 UTC] Evaluation #5 returned a column "customer_id" - but is not used.
[2025-09-06 04:54:27 UTC] Evaluation #5 returned a column "baseline_message" - but is not used.
[2025-09-06 04:54:32 UTC] Evaluation #5 preparation completed - 1663 record(s) found
[2025-09-06 04:54:32 UTC] Preparing Evaluation #6
[2025-09-06 04:54:33 UTC] Evaluation #6 returned a column "index" - but is not used.
[2025-09-06 04:54:33 UTC] Evaluation #6 returned a column "sub_intent" - but is not used.
[2025-09-06 04:54:37 UTC] Evaluation #6 preparation completed - 480 record(s) found
[2025-09-06 04:54:37 UTC] Preparing Evaluation #7
[2025-09-06 04:54:43 UTC] Evaluation #7 preparation completed - 480 record(s) found
[2025-09-06 04:54:43 UTC] Preparing input data for execution
[2025-09-06 04:54:52 UTC] Final number of records that will be used for execution (from all data sources): 3815 record(s)
