[2025-09-02 17:40:08 UTC] Preparing Evaluation #1
[2025-09-02 17:40:11 UTC] Evaluation #1 returned a column "index" - but is not used.
[2025-09-02 17:40:11 UTC] Evaluation #1 returned a column "content_index" - but is not used.
[2025-09-02 17:40:11 UTC] Evaluation #1 returned a column "url" - but is not used.
[2025-09-02 17:40:11 UTC] Evaluation #1 returned a column "title" - but is not used.
[2025-09-02 17:40:11 UTC] Evaluation #1 returned a column "ground_truth" - but is not used.
[2025-09-02 17:40:11 UTC] Evaluation #1 returned a column "grammar_error" - but is not used.
[2025-09-02 17:40:11 UTC] Evaluation #1 returned a column "urgent" - but is not used.
[2025-09-02 17:40:11 UTC] Evaluation #1 returned a column "polite" - but is not used.
[2025-09-02 17:40:11 UTC] Evaluation #1 returned a column "original_index" - but is not used.
[2025-09-02 17:40:11 UTC] Evaluation #1 returned a column "baseline_message" - but is not used.
[2025-09-02 17:40:17 UTC] Evaluation #1 preparation completed - 700 record(s) found
[2025-09-02 17:40:17 UTC] Preparing Evaluation #2
[2025-09-02 17:40:23 UTC] Evaluation #2 preparation completed - 700 record(s) found
[2025-09-02 17:40:23 UTC] Preparing Evaluation #3
[2025-09-02 17:40:25 UTC] Evaluation #3 returned a column "baseline_message" - but is not used.
[2025-09-02 17:40:30 UTC] Evaluation #3 preparation completed - 1088 record(s) found
[2025-09-02 17:40:30 UTC] Preparing Evaluation #4
[2025-09-02 17:40:42 UTC] Evaluation #4 preparation completed - 963 record(s) found
[2025-09-02 17:40:42 UTC] Preparing Evaluation #5
[2025-09-02 17:40:43 UTC] Evaluation #5 returned a column "index" - but is not used.
[2025-09-02 17:40:43 UTC] Evaluation #5 returned a column "content_index" - but is not used.
[2025-09-02 17:40:43 UTC] Evaluation #5 returned a column "url" - but is not used.
[2025-09-02 17:40:43 UTC] Evaluation #5 returned a column "title" - but is not used.
[2025-09-02 17:40:43 UTC] Evaluation #5 returned a column "ground_truth" - but is not used.
[2025-09-02 17:40:43 UTC] Evaluation #5 returned a column "base_message" - but is not used.
[2025-09-02 17:40:48 UTC] Evaluation #5 preparation completed - 976 record(s) found
[2025-09-02 17:40:48 UTC] Preparing input data for execution
[2025-09-02 17:41:04 UTC] Final number of records that will be used for execution (from all data sources): 4427 record(s)
